[INFO ] 2020-04-07 00:23:40.129 [Test worker] SpringBootTestContextBootstrapper - Neither @ContextConfiguration nor @ContextHierarchy found for test class [com.project.WengalUserApplicationTests], using SpringBootContextLoader
[INFO ] 2020-04-07 00:23:40.144 [Test worker] AbstractContextLoader - Could not detect default resource locations for test class [com.project.WengalUserApplicationTests]: no resource found for suffixes {-context.xml, Context.groovy}.
[INFO ] 2020-04-07 00:23:40.145 [Test worker] AnnotationConfigContextLoaderUtils - Could not detect default configuration classes for test class [com.project.WengalUserApplicationTests]: WengalUserApplicationTests does not declare any static, non-private, non-final, nested classes annotated with @Configuration.
[INFO ] 2020-04-07 00:23:40.263 [Test worker] SpringBootTestContextBootstrapper - Found @SpringBootConfiguration com.project.WengalUserApplication for test class com.project.WengalUserApplicationTests
[INFO ] 2020-04-07 00:23:40.376 [Test worker] SpringBootTestContextBootstrapper - Loaded default TestExecutionListener class names from location [META-INF/spring.factories]: [org.springframework.security.test.context.support.WithSecurityContextTestExecutionListener, org.springframework.security.test.context.support.ReactorContextTestExecutionListener, org.springframework.boot.test.autoconfigure.restdocs.RestDocsTestExecutionListener, org.springframework.boot.test.autoconfigure.web.client.MockRestServiceServerResetTestExecutionListener, org.springframework.boot.test.autoconfigure.web.servlet.MockMvcPrintOnlyOnFailureTestExecutionListener, org.springframework.boot.test.autoconfigure.web.servlet.WebDriverTestExecutionListener, org.springframework.boot.test.mock.mockito.MockitoTestExecutionListener, org.springframework.boot.test.mock.mockito.ResetMocksTestExecutionListener, org.springframework.test.context.web.ServletTestExecutionListener, org.springframework.test.context.support.DirtiesContextBeforeModesTestExecutionListener, org.springframework.test.context.support.DependencyInjectionTestExecutionListener, org.springframework.test.context.support.DirtiesContextTestExecutionListener, org.springframework.test.context.transaction.TransactionalTestExecutionListener, org.springframework.test.context.jdbc.SqlScriptsTestExecutionListener, org.springframework.test.context.event.EventPublishingTestExecutionListener]
[INFO ] 2020-04-07 00:23:40.399 [Test worker] SpringBootTestContextBootstrapper - Using TestExecutionListeners: [org.springframework.test.context.web.ServletTestExecutionListener@56469f44, org.springframework.test.context.support.DirtiesContextBeforeModesTestExecutionListener@1c2d0be7, org.springframework.boot.test.mock.mockito.MockitoTestExecutionListener@502dd78a, org.springframework.boot.test.autoconfigure.SpringBootDependencyInjectionTestExecutionListener@2bb9e7ad, org.springframework.test.context.support.DirtiesContextTestExecutionListener@4967f121, org.springframework.test.context.transaction.TransactionalTestExecutionListener@3d61a9d9, org.springframework.test.context.jdbc.SqlScriptsTestExecutionListener@34ea878, org.springframework.security.test.context.support.WithSecurityContextTestExecutionListener@67aea333, org.springframework.test.context.event.EventPublishingTestExecutionListener@11b6b81e, org.springframework.security.test.context.support.ReactorContextTestExecutionListener@2129e490, org.springframework.boot.test.autoconfigure.restdocs.RestDocsTestExecutionListener@575285a5, org.springframework.boot.test.autoconfigure.web.client.MockRestServiceServerResetTestExecutionListener@45f70347, org.springframework.boot.test.autoconfigure.web.servlet.MockMvcPrintOnlyOnFailureTestExecutionListener@61a535af, org.springframework.boot.test.autoconfigure.web.servlet.WebDriverTestExecutionListener@fc6506f, org.springframework.boot.test.mock.mockito.ResetMocksTestExecutionListener@4c7a839f]
[INFO ] 2020-04-07 00:23:40.808 [Test worker] WengalUserApplicationTests - Starting WengalUserApplicationTests on DESKTOP-4RHPOK5 with PID 37836 (started by minkyu in C:\workspace\java\wengal-user)
[INFO ] 2020-04-07 00:23:40.816 [Test worker] WengalUserApplicationTests - The following profiles are active: local
[INFO ] 2020-04-07 00:23:41.629 [Test worker] RepositoryConfigurationDelegate - Bootstrapping Spring Data JPA repositories in DEFAULT mode.
[INFO ] 2020-04-07 00:23:41.656 [Test worker] RepositoryConfigurationDelegate - Finished Spring Data repository scanning in 17ms. Found 0 JPA repository interfaces.
[INFO ] 2020-04-07 00:23:42.347 [Test worker] LogHelper - HHH000204: Processing PersistenceUnitInfo [name: default]
[INFO ] 2020-04-07 00:23:42.452 [Test worker] Version - HHH000412: Hibernate ORM core version 5.4.12.Final
[INFO ] 2020-04-07 00:23:42.641 [Test worker] Version - HCANN000001: Hibernate Commons Annotations {5.1.0.Final}
[INFO ] 2020-04-07 00:23:42.811 [Test worker] HikariDataSource - HikariPool-1 - Starting...
[INFO ] 2020-04-07 00:23:42.981 [Test worker] HikariDataSource - HikariPool-1 - Start completed.
[INFO ] 2020-04-07 00:23:43.009 [Test worker] Dialect - HHH000400: Using dialect: org.hibernate.dialect.MySQL5InnoDBDialect
[INFO ] 2020-04-07 00:23:43.322 [Test worker] JtaPlatformInitiator - HHH000490: Using JtaPlatform implementation: [org.hibernate.engine.transaction.jta.platform.internal.NoJtaPlatform]
[INFO ] 2020-04-07 00:23:43.340 [Test worker] LocalContainerEntityManagerFactoryBean - Initialized JPA EntityManagerFactory for persistence unit 'default'
[WARN ] 2020-04-07 00:23:43.636 [Test worker] JpaBaseConfiguration$JpaWebConfiguration - spring.jpa.open-in-view is enabled by default. Therefore, database queries may be performed during view rendering. Explicitly configure spring.jpa.open-in-view to disable this warning
[INFO ] 2020-04-07 00:23:43.955 [Test worker] ThreadPoolTaskExecutor - Initializing ExecutorService 'applicationTaskExecutor'
[INFO ] 2020-04-07 00:23:44.438 [Test worker] UserDetailsServiceAutoConfiguration - 

Using generated security password: 872303ac-6d64-4821-91d8-1b8eca2e2c0c

[INFO ] 2020-04-07 00:23:44.723 [Test worker] DefaultSecurityFilterChain - Creating filter chain: any request, [org.springframework.security.web.context.request.async.WebAsyncManagerIntegrationFilter@72b90ad0, org.springframework.security.web.context.SecurityContextPersistenceFilter@3a803397, org.springframework.security.web.header.HeaderWriterFilter@35e0514c, org.springframework.security.web.csrf.CsrfFilter@7a800cca, org.springframework.security.web.authentication.logout.LogoutFilter@5af0d1b3, org.springframework.security.web.authentication.UsernamePasswordAuthenticationFilter@b52445d, org.springframework.security.web.authentication.ui.DefaultLoginPageGeneratingFilter@4e1a566, org.springframework.security.web.authentication.ui.DefaultLogoutPageGeneratingFilter@38f2786, org.springframework.security.web.authentication.www.BasicAuthenticationFilter@268bb12, org.springframework.security.web.savedrequest.RequestCacheAwareFilter@30c8cf53, org.springframework.security.web.servletapi.SecurityContextHolderAwareRequestFilter@7a007b9e, org.springframework.security.web.authentication.AnonymousAuthenticationFilter@99b20d6, org.springframework.security.web.session.SessionManagementFilter@23b0209f, org.springframework.security.web.access.ExceptionTranslationFilter@622bf107, org.springframework.security.web.access.intercept.FilterSecurityInterceptor@2b376f7]
[INFO ] 2020-04-07 00:23:44.821 [Test worker] WengalUserApplicationTests - Started WengalUserApplicationTests in 4.373 seconds (JVM running for 6.767)
[INFO ] 2020-04-07 00:23:45.117 [SpringContextShutdownHook] ThreadPoolTaskExecutor - Shutting down ExecutorService 'applicationTaskExecutor'
[INFO ] 2020-04-07 00:23:45.118 [SpringContextShutdownHook] LocalContainerEntityManagerFactoryBean - Closing JPA EntityManagerFactory for persistence unit 'default'
[INFO ] 2020-04-07 00:23:45.121 [SpringContextShutdownHook] HikariDataSource - HikariPool-1 - Shutdown initiated...
[INFO ] 2020-04-07 00:23:45.161 [SpringContextShutdownHook] HikariDataSource - HikariPool-1 - Shutdown completed.
[INFO ] 2020-04-07 00:26:33.762 [Test worker] SpringBootTestContextBootstrapper - Neither @ContextConfiguration nor @ContextHierarchy found for test class [com.project.WengalUserApplicationTests], using SpringBootContextLoader
[INFO ] 2020-04-07 00:26:33.778 [Test worker] AbstractContextLoader - Could not detect default resource locations for test class [com.project.WengalUserApplicationTests]: no resource found for suffixes {-context.xml, Context.groovy}.
[INFO ] 2020-04-07 00:26:33.779 [Test worker] AnnotationConfigContextLoaderUtils - Could not detect default configuration classes for test class [com.project.WengalUserApplicationTests]: WengalUserApplicationTests does not declare any static, non-private, non-final, nested classes annotated with @Configuration.
[INFO ] 2020-04-07 00:26:33.898 [Test worker] SpringBootTestContextBootstrapper - Found @SpringBootConfiguration com.project.WengalUserApplication for test class com.project.WengalUserApplicationTests
[INFO ] 2020-04-07 00:26:34.013 [Test worker] SpringBootTestContextBootstrapper - Loaded default TestExecutionListener class names from location [META-INF/spring.factories]: [org.springframework.security.test.context.support.WithSecurityContextTestExecutionListener, org.springframework.security.test.context.support.ReactorContextTestExecutionListener, org.springframework.boot.test.autoconfigure.restdocs.RestDocsTestExecutionListener, org.springframework.boot.test.autoconfigure.web.client.MockRestServiceServerResetTestExecutionListener, org.springframework.boot.test.autoconfigure.web.servlet.MockMvcPrintOnlyOnFailureTestExecutionListener, org.springframework.boot.test.autoconfigure.web.servlet.WebDriverTestExecutionListener, org.springframework.boot.test.mock.mockito.MockitoTestExecutionListener, org.springframework.boot.test.mock.mockito.ResetMocksTestExecutionListener, org.springframework.test.context.web.ServletTestExecutionListener, org.springframework.test.context.support.DirtiesContextBeforeModesTestExecutionListener, org.springframework.test.context.support.DependencyInjectionTestExecutionListener, org.springframework.test.context.support.DirtiesContextTestExecutionListener, org.springframework.test.context.transaction.TransactionalTestExecutionListener, org.springframework.test.context.jdbc.SqlScriptsTestExecutionListener, org.springframework.test.context.event.EventPublishingTestExecutionListener]
[INFO ] 2020-04-07 00:26:34.038 [Test worker] SpringBootTestContextBootstrapper - Using TestExecutionListeners: [org.springframework.test.context.web.ServletTestExecutionListener@18b75df7, org.springframework.test.context.support.DirtiesContextBeforeModesTestExecutionListener@4e8f8dc3, org.springframework.boot.test.mock.mockito.MockitoTestExecutionListener@63610230, org.springframework.boot.test.autoconfigure.SpringBootDependencyInjectionTestExecutionListener@640b2db3, org.springframework.test.context.support.DirtiesContextTestExecutionListener@46719c20, org.springframework.test.context.transaction.TransactionalTestExecutionListener@74a2e0b8, org.springframework.test.context.jdbc.SqlScriptsTestExecutionListener@1f391c9e, org.springframework.security.test.context.support.WithSecurityContextTestExecutionListener@2262dc7f, org.springframework.test.context.event.EventPublishingTestExecutionListener@6838c48f, org.springframework.security.test.context.support.ReactorContextTestExecutionListener@bfc4e10, org.springframework.boot.test.autoconfigure.restdocs.RestDocsTestExecutionListener@5c767e1d, org.springframework.boot.test.autoconfigure.web.client.MockRestServiceServerResetTestExecutionListener@6843d0c8, org.springframework.boot.test.autoconfigure.web.servlet.MockMvcPrintOnlyOnFailureTestExecutionListener@46f16df3, org.springframework.boot.test.autoconfigure.web.servlet.WebDriverTestExecutionListener@2f9427f3, org.springframework.boot.test.mock.mockito.ResetMocksTestExecutionListener@40fd228a]
[INFO ] 2020-04-07 00:26:34.520 [Test worker] WengalUserApplicationTests - Starting WengalUserApplicationTests on DESKTOP-4RHPOK5 with PID 20872 (started by minkyu in C:\workspace\java\wengal-user)
[INFO ] 2020-04-07 00:26:34.527 [Test worker] WengalUserApplicationTests - The following profiles are active: local
[INFO ] 2020-04-07 00:26:35.441 [Test worker] RepositoryConfigurationDelegate - Bootstrapping Spring Data JPA repositories in DEFAULT mode.
[INFO ] 2020-04-07 00:26:35.472 [Test worker] RepositoryConfigurationDelegate - Finished Spring Data repository scanning in 18ms. Found 0 JPA repository interfaces.
[INFO ] 2020-04-07 00:26:36.276 [Test worker] LogHelper - HHH000204: Processing PersistenceUnitInfo [name: default]
[INFO ] 2020-04-07 00:26:36.390 [Test worker] Version - HHH000412: Hibernate ORM core version 5.4.12.Final
[INFO ] 2020-04-07 00:26:36.599 [Test worker] Version - HCANN000001: Hibernate Commons Annotations {5.1.0.Final}
[INFO ] 2020-04-07 00:26:36.775 [Test worker] HikariDataSource - HikariPool-1 - Starting...
[INFO ] 2020-04-07 00:26:36.962 [Test worker] HikariDataSource - HikariPool-1 - Start completed.
[INFO ] 2020-04-07 00:26:36.993 [Test worker] Dialect - HHH000400: Using dialect: org.hibernate.dialect.MySQL5InnoDBDialect
[INFO ] 2020-04-07 00:26:37.340 [Test worker] JtaPlatformInitiator - HHH000490: Using JtaPlatform implementation: [org.hibernate.engine.transaction.jta.platform.internal.NoJtaPlatform]
[INFO ] 2020-04-07 00:26:37.354 [Test worker] LocalContainerEntityManagerFactoryBean - Initialized JPA EntityManagerFactory for persistence unit 'default'
[WARN ] 2020-04-07 00:26:37.663 [Test worker] JpaBaseConfiguration$JpaWebConfiguration - spring.jpa.open-in-view is enabled by default. Therefore, database queries may be performed during view rendering. Explicitly configure spring.jpa.open-in-view to disable this warning
[INFO ] 2020-04-07 00:26:38.005 [Test worker] ThreadPoolTaskExecutor - Initializing ExecutorService 'applicationTaskExecutor'
[INFO ] 2020-04-07 00:26:38.564 [Test worker] UserDetailsServiceAutoConfiguration - 

Using generated security password: 9ae64b8f-02f9-47fa-8d13-57b898072555

[INFO ] 2020-04-07 00:26:38.884 [Test worker] DefaultSecurityFilterChain - Creating filter chain: any request, [org.springframework.security.web.context.request.async.WebAsyncManagerIntegrationFilter@30d2a6c3, org.springframework.security.web.context.SecurityContextPersistenceFilter@5f190a2d, org.springframework.security.web.header.HeaderWriterFilter@3110953c, org.springframework.security.web.csrf.CsrfFilter@6b3de229, org.springframework.security.web.authentication.logout.LogoutFilter@18859690, org.springframework.security.web.authentication.UsernamePasswordAuthenticationFilter@63757769, org.springframework.security.web.authentication.ui.DefaultLoginPageGeneratingFilter@3b443e48, org.springframework.security.web.authentication.ui.DefaultLogoutPageGeneratingFilter@39fa998f, org.springframework.security.web.authentication.www.BasicAuthenticationFilter@7f26e132, org.springframework.security.web.savedrequest.RequestCacheAwareFilter@5f395326, org.springframework.security.web.servletapi.SecurityContextHolderAwareRequestFilter@6c9a805a, org.springframework.security.web.authentication.AnonymousAuthenticationFilter@428720d9, org.springframework.security.web.session.SessionManagementFilter@5ce7627d, org.springframework.security.web.access.ExceptionTranslationFilter@6acfd308, org.springframework.security.web.access.intercept.FilterSecurityInterceptor@3bee1dc]
[INFO ] 2020-04-07 00:26:39.005 [Test worker] WengalUserApplicationTests - Started WengalUserApplicationTests in 4.909 seconds (JVM running for 7.516)
[INFO ] 2020-04-07 00:26:39.306 [SpringContextShutdownHook] ThreadPoolTaskExecutor - Shutting down ExecutorService 'applicationTaskExecutor'
[INFO ] 2020-04-07 00:26:39.307 [SpringContextShutdownHook] LocalContainerEntityManagerFactoryBean - Closing JPA EntityManagerFactory for persistence unit 'default'
[INFO ] 2020-04-07 00:26:39.309 [SpringContextShutdownHook] HikariDataSource - HikariPool-1 - Shutdown initiated...
[INFO ] 2020-04-07 00:26:39.352 [SpringContextShutdownHook] HikariDataSource - HikariPool-1 - Shutdown completed.
[INFO ] 2020-04-07 00:29:00.946 [Test worker] SpringBootTestContextBootstrapper - Neither @ContextConfiguration nor @ContextHierarchy found for test class [com.project.WengalUserApplicationTests], using SpringBootContextLoader
[INFO ] 2020-04-07 00:29:00.958 [Test worker] AbstractContextLoader - Could not detect default resource locations for test class [com.project.WengalUserApplicationTests]: no resource found for suffixes {-context.xml, Context.groovy}.
[INFO ] 2020-04-07 00:29:00.960 [Test worker] AnnotationConfigContextLoaderUtils - Could not detect default configuration classes for test class [com.project.WengalUserApplicationTests]: WengalUserApplicationTests does not declare any static, non-private, non-final, nested classes annotated with @Configuration.
[INFO ] 2020-04-07 00:29:01.070 [Test worker] SpringBootTestContextBootstrapper - Found @SpringBootConfiguration com.project.WengalUserApplication for test class com.project.WengalUserApplicationTests
[INFO ] 2020-04-07 00:29:01.171 [Test worker] SpringBootTestContextBootstrapper - Loaded default TestExecutionListener class names from location [META-INF/spring.factories]: [org.springframework.security.test.context.support.WithSecurityContextTestExecutionListener, org.springframework.security.test.context.support.ReactorContextTestExecutionListener, org.springframework.boot.test.autoconfigure.restdocs.RestDocsTestExecutionListener, org.springframework.boot.test.autoconfigure.web.client.MockRestServiceServerResetTestExecutionListener, org.springframework.boot.test.autoconfigure.web.servlet.MockMvcPrintOnlyOnFailureTestExecutionListener, org.springframework.boot.test.autoconfigure.web.servlet.WebDriverTestExecutionListener, org.springframework.boot.test.mock.mockito.MockitoTestExecutionListener, org.springframework.boot.test.mock.mockito.ResetMocksTestExecutionListener, org.springframework.test.context.web.ServletTestExecutionListener, org.springframework.test.context.support.DirtiesContextBeforeModesTestExecutionListener, org.springframework.test.context.support.DependencyInjectionTestExecutionListener, org.springframework.test.context.support.DirtiesContextTestExecutionListener, org.springframework.test.context.transaction.TransactionalTestExecutionListener, org.springframework.test.context.jdbc.SqlScriptsTestExecutionListener, org.springframework.test.context.event.EventPublishingTestExecutionListener]
[INFO ] 2020-04-07 00:29:01.193 [Test worker] SpringBootTestContextBootstrapper - Using TestExecutionListeners: [org.springframework.test.context.web.ServletTestExecutionListener@18b75df7, org.springframework.test.context.support.DirtiesContextBeforeModesTestExecutionListener@4e8f8dc3, org.springframework.boot.test.mock.mockito.MockitoTestExecutionListener@63610230, org.springframework.boot.test.autoconfigure.SpringBootDependencyInjectionTestExecutionListener@640b2db3, org.springframework.test.context.support.DirtiesContextTestExecutionListener@46719c20, org.springframework.test.context.transaction.TransactionalTestExecutionListener@74a2e0b8, org.springframework.test.context.jdbc.SqlScriptsTestExecutionListener@1f391c9e, org.springframework.security.test.context.support.WithSecurityContextTestExecutionListener@2262dc7f, org.springframework.test.context.event.EventPublishingTestExecutionListener@6838c48f, org.springframework.security.test.context.support.ReactorContextTestExecutionListener@bfc4e10, org.springframework.boot.test.autoconfigure.restdocs.RestDocsTestExecutionListener@5c767e1d, org.springframework.boot.test.autoconfigure.web.client.MockRestServiceServerResetTestExecutionListener@6843d0c8, org.springframework.boot.test.autoconfigure.web.servlet.MockMvcPrintOnlyOnFailureTestExecutionListener@46f16df3, org.springframework.boot.test.autoconfigure.web.servlet.WebDriverTestExecutionListener@2f9427f3, org.springframework.boot.test.mock.mockito.ResetMocksTestExecutionListener@40fd228a]
[INFO ] 2020-04-07 00:29:01.568 [Test worker] WengalUserApplicationTests - Starting WengalUserApplicationTests on DESKTOP-4RHPOK5 with PID 36872 (started by minkyu in C:\workspace\java\wengal-user)
[INFO ] 2020-04-07 00:29:01.575 [Test worker] WengalUserApplicationTests - The following profiles are active: local
[INFO ] 2020-04-07 00:29:02.278 [Test worker] RepositoryConfigurationDelegate - Bootstrapping Spring Data JPA repositories in DEFAULT mode.
[INFO ] 2020-04-07 00:29:02.310 [Test worker] RepositoryConfigurationDelegate - Finished Spring Data repository scanning in 19ms. Found 0 JPA repository interfaces.
[INFO ] 2020-04-07 00:29:02.933 [Test worker] LogHelper - HHH000204: Processing PersistenceUnitInfo [name: default]
[INFO ] 2020-04-07 00:29:03.051 [Test worker] Version - HHH000412: Hibernate ORM core version 5.4.12.Final
[INFO ] 2020-04-07 00:29:03.243 [Test worker] Version - HCANN000001: Hibernate Commons Annotations {5.1.0.Final}
[INFO ] 2020-04-07 00:29:03.406 [Test worker] HikariDataSource - HikariPool-1 - Starting...
[INFO ] 2020-04-07 00:29:03.564 [Test worker] HikariDataSource - HikariPool-1 - Start completed.
[INFO ] 2020-04-07 00:29:03.589 [Test worker] Dialect - HHH000400: Using dialect: org.hibernate.dialect.MySQL5InnoDBDialect
[INFO ] 2020-04-07 00:29:03.895 [Test worker] JtaPlatformInitiator - HHH000490: Using JtaPlatform implementation: [org.hibernate.engine.transaction.jta.platform.internal.NoJtaPlatform]
[INFO ] 2020-04-07 00:29:03.904 [Test worker] LocalContainerEntityManagerFactoryBean - Initialized JPA EntityManagerFactory for persistence unit 'default'
[WARN ] 2020-04-07 00:29:04.164 [Test worker] JpaBaseConfiguration$JpaWebConfiguration - spring.jpa.open-in-view is enabled by default. Therefore, database queries may be performed during view rendering. Explicitly configure spring.jpa.open-in-view to disable this warning
[INFO ] 2020-04-07 00:29:04.458 [Test worker] ThreadPoolTaskExecutor - Initializing ExecutorService 'applicationTaskExecutor'
[INFO ] 2020-04-07 00:29:04.893 [Test worker] WengalUserApplicationTests - Started WengalUserApplicationTests in 3.656 seconds (JVM running for 5.838)
[INFO ] 2020-04-07 00:29:05.209 [SpringContextShutdownHook] ThreadPoolTaskExecutor - Shutting down ExecutorService 'applicationTaskExecutor'
[INFO ] 2020-04-07 00:29:05.212 [SpringContextShutdownHook] LocalContainerEntityManagerFactoryBean - Closing JPA EntityManagerFactory for persistence unit 'default'
[INFO ] 2020-04-07 00:29:05.214 [SpringContextShutdownHook] HikariDataSource - HikariPool-1 - Shutdown initiated...
[INFO ] 2020-04-07 00:29:05.257 [SpringContextShutdownHook] HikariDataSource - HikariPool-1 - Shutdown completed.
[INFO ] 2020-04-07 07:11:52.808 [main] WengalUserApplication - Starting WengalUserApplication on DESKTOP-4RHPOK5 with PID 8128 (C:\workspace\java\wengal-user\build\classes\java\main started by minkyu in C:\workspace\java\wengal-user)
[INFO ] 2020-04-07 07:11:52.819 [main] WengalUserApplication - The following profiles are active: local
[INFO ] 2020-04-07 07:11:53.445 [main] RepositoryConfigurationDelegate - Bootstrapping Spring Data JPA repositories in DEFAULT mode.
[INFO ] 2020-04-07 07:11:53.469 [main] RepositoryConfigurationDelegate - Finished Spring Data repository scanning in 15ms. Found 0 JPA repository interfaces.
[INFO ] 2020-04-07 07:11:54.008 [main] TomcatWebServer - Tomcat initialized with port(s): 8080 (http)
[INFO ] 2020-04-07 07:11:54.025 [main] Http11NioProtocol - Initializing ProtocolHandler ["http-nio-8080"]
[INFO ] 2020-04-07 07:11:54.026 [main] StandardService - Starting service [Tomcat]
[INFO ] 2020-04-07 07:11:54.027 [main] StandardEngine - Starting Servlet engine: [Apache Tomcat/9.0.33]
[INFO ] 2020-04-07 07:11:54.029 [main] AprLifecycleListener - An older version [1.2.18] of the APR based Apache Tomcat Native library is installed, while Tomcat recommends a minimum version of [1.2.23]
[INFO ] 2020-04-07 07:11:54.030 [main] AprLifecycleListener - Loaded APR based Apache Tomcat Native library [1.2.18] using APR version [1.6.5].
[INFO ] 2020-04-07 07:11:54.030 [main] AprLifecycleListener - APR capabilities: IPv6 [true], sendfile [true], accept filters [false], random [true].
[INFO ] 2020-04-07 07:11:54.030 [main] AprLifecycleListener - APR/OpenSSL configuration: useAprConnector [false], useOpenSSL [true]
[INFO ] 2020-04-07 07:11:54.050 [main] AprLifecycleListener - OpenSSL successfully initialized [OpenSSL 1.1.1  11 Sep 2018]
[INFO ] 2020-04-07 07:11:54.183 [main] [/user] - Initializing Spring embedded WebApplicationContext
[INFO ] 2020-04-07 07:11:54.183 [main] ContextLoader - Root WebApplicationContext: initialization completed in 1318 ms
[INFO ] 2020-04-07 07:11:54.341 [main] LogHelper - HHH000204: Processing PersistenceUnitInfo [name: default]
[INFO ] 2020-04-07 07:11:54.454 [main] Version - HHH000412: Hibernate ORM core version 5.4.12.Final
[INFO ] 2020-04-07 07:11:54.632 [main] Version - HCANN000001: Hibernate Commons Annotations {5.1.0.Final}
[INFO ] 2020-04-07 07:11:54.765 [main] HikariDataSource - HikariPool-1 - Starting...
[INFO ] 2020-04-07 07:11:54.927 [main] HikariDataSource - HikariPool-1 - Start completed.
[INFO ] 2020-04-07 07:11:54.948 [main] Dialect - HHH000400: Using dialect: org.hibernate.dialect.MySQL5InnoDBDialect
[INFO ] 2020-04-07 07:11:55.206 [main] JtaPlatformInitiator - HHH000490: Using JtaPlatform implementation: [org.hibernate.engine.transaction.jta.platform.internal.NoJtaPlatform]
[INFO ] 2020-04-07 07:11:55.216 [main] LocalContainerEntityManagerFactoryBean - Initialized JPA EntityManagerFactory for persistence unit 'default'
[WARN ] 2020-04-07 07:11:55.281 [main] JpaBaseConfiguration$JpaWebConfiguration - spring.jpa.open-in-view is enabled by default. Therefore, database queries may be performed during view rendering. Explicitly configure spring.jpa.open-in-view to disable this warning
[INFO ] 2020-04-07 07:11:55.389 [main] ThreadPoolTaskExecutor - Initializing ExecutorService 'applicationTaskExecutor'
[INFO ] 2020-04-07 07:11:55.563 [main] Http11NioProtocol - Starting ProtocolHandler ["http-nio-8080"]
[INFO ] 2020-04-07 07:11:55.583 [main] TomcatWebServer - Tomcat started on port(s): 8080 (http) with context path '/user'
[INFO ] 2020-04-07 07:11:55.586 [main] WengalUserApplication - Started WengalUserApplication in 3.172 seconds (JVM running for 4.602)
[INFO ] 2020-04-08 00:09:27.853 [main] WengalUserApplication - Starting WengalUserApplication on DESKTOP-4RHPOK5 with PID 42632 (C:\workspace\java\wengal-user\build\classes\java\main started by minkyu in C:\workspace\java\wengal-user)
[INFO ] 2020-04-08 00:09:27.863 [main] WengalUserApplication - The following profiles are active: local
[INFO ] 2020-04-08 00:09:28.410 [main] RepositoryConfigurationDelegate - Bootstrapping Spring Data JPA repositories in DEFAULT mode.
[INFO ] 2020-04-08 00:09:28.430 [main] RepositoryConfigurationDelegate - Finished Spring Data repository scanning in 13ms. Found 0 JPA repository interfaces.
[INFO ] 2020-04-08 00:09:28.857 [main] TomcatWebServer - Tomcat initialized with port(s): 8080 (http)
[INFO ] 2020-04-08 00:09:28.867 [main] Http11NioProtocol - Initializing ProtocolHandler ["http-nio-8080"]
[INFO ] 2020-04-08 00:09:28.868 [main] StandardService - Starting service [Tomcat]
[INFO ] 2020-04-08 00:09:28.868 [main] StandardEngine - Starting Servlet engine: [Apache Tomcat/9.0.33]
[INFO ] 2020-04-08 00:09:28.870 [main] AprLifecycleListener - An older version [1.2.18] of the APR based Apache Tomcat Native library is installed, while Tomcat recommends a minimum version of [1.2.23]
[INFO ] 2020-04-08 00:09:28.871 [main] AprLifecycleListener - Loaded APR based Apache Tomcat Native library [1.2.18] using APR version [1.6.5].
[INFO ] 2020-04-08 00:09:28.871 [main] AprLifecycleListener - APR capabilities: IPv6 [true], sendfile [true], accept filters [false], random [true].
[INFO ] 2020-04-08 00:09:28.874 [main] AprLifecycleListener - APR/OpenSSL configuration: useAprConnector [false], useOpenSSL [true]
[INFO ] 2020-04-08 00:09:28.893 [main] AprLifecycleListener - OpenSSL successfully initialized [OpenSSL 1.1.1  11 Sep 2018]
[INFO ] 2020-04-08 00:09:29.013 [main] [/user] - Initializing Spring embedded WebApplicationContext
[INFO ] 2020-04-08 00:09:29.013 [main] ContextLoader - Root WebApplicationContext: initialization completed in 1108 ms
[INFO ] 2020-04-08 00:09:29.139 [main] LogHelper - HHH000204: Processing PersistenceUnitInfo [name: default]
[INFO ] 2020-04-08 00:09:29.209 [main] Version - HHH000412: Hibernate ORM core version 5.4.12.Final
[INFO ] 2020-04-08 00:09:29.328 [main] Version - HCANN000001: Hibernate Commons Annotations {5.1.0.Final}
[INFO ] 2020-04-08 00:09:29.429 [main] HikariDataSource - HikariPool-1 - Starting...
[INFO ] 2020-04-08 00:09:29.609 [main] HikariDataSource - HikariPool-1 - Start completed.
[INFO ] 2020-04-08 00:09:29.637 [main] Dialect - HHH000400: Using dialect: org.hibernate.dialect.MySQL5InnoDBDialect
[INFO ] 2020-04-08 00:09:29.880 [main] JtaPlatformInitiator - HHH000490: Using JtaPlatform implementation: [org.hibernate.engine.transaction.jta.platform.internal.NoJtaPlatform]
[INFO ] 2020-04-08 00:09:29.888 [main] LocalContainerEntityManagerFactoryBean - Initialized JPA EntityManagerFactory for persistence unit 'default'
[WARN ] 2020-04-08 00:09:29.954 [main] JpaBaseConfiguration$JpaWebConfiguration - spring.jpa.open-in-view is enabled by default. Therefore, database queries may be performed during view rendering. Explicitly configure spring.jpa.open-in-view to disable this warning
[INFO ] 2020-04-08 00:09:30.081 [main] ThreadPoolTaskExecutor - Initializing ExecutorService 'applicationTaskExecutor'
[INFO ] 2020-04-08 00:09:30.241 [main] Http11NioProtocol - Starting ProtocolHandler ["http-nio-8080"]
[INFO ] 2020-04-08 00:09:30.263 [main] TomcatWebServer - Tomcat started on port(s): 8080 (http) with context path '/user'
[INFO ] 2020-04-08 00:09:30.269 [main] WengalUserApplication - Started WengalUserApplication in 2.79 seconds (JVM running for 4.556)
[INFO ] 2020-04-08 00:11:48.310 [http-nio-8080-exec-1] [/user] - Initializing Spring DispatcherServlet 'dispatcherServlet'
[INFO ] 2020-04-08 00:11:48.311 [http-nio-8080-exec-1] DispatcherServlet - Initializing Servlet 'dispatcherServlet'
[INFO ] 2020-04-08 00:11:48.317 [http-nio-8080-exec-1] DispatcherServlet - Completed initialization in 6 ms
[INFO ] 2020-04-08 00:11:48.383 [http-nio-8080-exec-1] UserController - tesetSuccess
